[debug] [2023-03-10T01:54:31.422Z] ----------------------------------------------------------------------
[debug] [2023-03-10T01:54:31.423Z] Command:       /usr/local/bin/node /usr/local/bin/firebase init
[debug] [2023-03-10T01:54:31.423Z] CLI Version:   11.20.0
[debug] [2023-03-10T01:54:31.423Z] Platform:      darwin
[debug] [2023-03-10T01:54:31.423Z] Node Version:  v18.14.0
[debug] [2023-03-10T01:54:31.424Z] Time:          Thu Mar 09 2023 20:54:31 GMT-0500 (Eastern Standard Time)
[debug] [2023-03-10T01:54:31.424Z] ----------------------------------------------------------------------
[debug] 
[debug] [2023-03-10T01:54:31.468Z] > command requires scopes: ["email","openid","https://www.googleapis.com/auth/cloudplatformprojects.readonly","https://www.googleapis.com/auth/firebase","https://www.googleapis.com/auth/cloud-platform"]
[debug] [2023-03-10T01:54:31.468Z] > authorizing via signed-in user (joshmohrer@gmail.com)
[info] 
     ######## #### ########  ######## ########     ###     ######  ########
     ##        ##  ##     ## ##       ##     ##  ##   ##  ##       ##
     ######    ##  ########  ######   ########  #########  ######  ######
     ##        ##  ##    ##  ##       ##     ## ##     ##       ## ##
     ##       #### ##     ## ######## ########  ##     ##  ######  ########

You're about to initialize a Firebase project in this directory:

  /Users/joshuamohrer/Coding/fattail-songs

Before we get started, keep in mind:

  * You are initializing within an existing Firebase project directory

[info] 
=== Project Setup
[info] 
[info] First, let's associate this project directory with a Firebase project.
[info] You can create multiple project aliases by running firebase use --add, 
[info] but for now we'll just set up a default project.
[info] 
[debug] [2023-03-10T01:54:36.793Z] Using project from CLI flag: fattail-songs
[debug] [2023-03-10T01:54:36.794Z] >>> [apiv2][query] GET https://firebase.googleapis.com/v1beta1/projects/fattail-songs [none]
[debug] [2023-03-10T01:54:37.125Z] <<< [apiv2][status] GET https://firebase.googleapis.com/v1beta1/projects/fattail-songs 200
[debug] [2023-03-10T01:54:37.125Z] <<< [apiv2][body] GET https://firebase.googleapis.com/v1beta1/projects/fattail-songs {"projectId":"fattail-songs","projectNumber":"959978237084","displayName":"fattail-songs","name":"projects/fattail-songs","resources":{"hostingSite":"fattail-songs"},"state":"ACTIVE","etag":"1_6d3ea4f4-8b61-40b3-8201-28848dc840ff"}
[info] i  Using project fattail-songs (fattail-songs) 
[info] 
=== Hosting Setup
[info] 
[info] Your public directory is the folder (relative to your project directory) that
[info] will contain Hosting assets to be uploaded with firebase deploy. If you
[info] have a build process for your assets, use your build's output directory.
[info] 
